<?xml version="1.0" encoding="UTF-8"?>
<!-- Generated by org.testng.reporters.JUnitXMLReporter -->
<testsuite ignored="0" hostname="softraw-H310M-H-2-0" failures="0" tests="12" name="Chrome Video" time="90.607" errors="0" timestamp="2022-06-08T16:53:17 IST">
  <testcase classname="maven.Testa" name="Action" time="8.355"/>
  <testcase classname="maven.Testa" name="Carousel" time="2.316"/>
  <testcase classname="maven.Testa" name="Iframe" time="2.424"/>
  <testcase classname="maven.Testa" name="Image" time="2.874"/>
  <testcase classname="maven.Testa" name="Location" time="2.316"/>
  <testcase classname="maven.Testa" name="Markdown" time="2.412"/>
  <testcase classname="maven.Testa" name="Richtext" time="11.429"/>
  <testcase classname="maven.Testa" name="Social" time="25.534"/>
  <testcase classname="maven.Testa" name="VideoMp4" time="8.522"/>
  <testcase classname="maven.Testa" name="VideoVimeo" time="8.82"/>
  <testcase classname="maven.Testa" name="VideoYoutube" time="8.523"/>
  <testcase classname="maven.Testa" name="ClickToDial" time="1.217"/>
</testsuite> <!-- Chrome Video -->
