<?xml version="1.0" encoding="UTF-8"?>
<!-- Generated by org.testng.reporters.JUnitXMLReporter -->
<testsuite ignored="0" hostname="softraw-H310M-H-2-0" failures="0" tests="12" name="Firefox Video" time="106.42" errors="0" timestamp="2022-06-08T16:53:33 IST">
  <testcase classname="maven.Testa" name="Action" time="7.304"/>
  <testcase classname="maven.Testa" name="Carousel" time="2.797"/>
  <testcase classname="maven.Testa" name="Iframe" time="2.86"/>
  <testcase classname="maven.Testa" name="Image" time="2.787"/>
  <testcase classname="maven.Testa" name="Location" time="2.816"/>
  <testcase classname="maven.Testa" name="Markdown" time="2.731"/>
  <testcase classname="maven.Testa" name="Richtext" time="13.587"/>
  <testcase classname="maven.Testa" name="Social" time="26.946"/>
  <testcase classname="maven.Testa" name="VideoMp4" time="9.591"/>
  <testcase classname="maven.Testa" name="VideoVimeo" time="9.354"/>
  <testcase classname="maven.Testa" name="VideoYoutube" time="9.032"/>
  <testcase classname="maven.Testa" name="ClickToDial" time="6.245"/>
</testsuite> <!-- Firefox Video -->
