<?xml version="1.0" encoding="UTF-8"?>
<!-- Generated by org.testng.reporters.JUnitXMLReporter -->
<testsuite ignored="0" hostname="softraw-H310M-H-2-0" failures="0" tests="12" name="Firefox Overlay" time="101.236" errors="0" timestamp="2022-06-08T16:53:28 IST">
  <testcase classname="maven.Testa" name="Action" time="7.814"/>
  <testcase classname="maven.Testa" name="Carousel" time="2.931"/>
  <testcase classname="maven.Testa" name="Iframe" time="2.843"/>
  <testcase classname="maven.Testa" name="Image" time="2.757"/>
  <testcase classname="maven.Testa" name="Location" time="2.798"/>
  <testcase classname="maven.Testa" name="Markdown" time="2.7"/>
  <testcase classname="maven.Testa" name="Richtext" time="12.05"/>
  <testcase classname="maven.Testa" name="Social" time="25.839"/>
  <testcase classname="maven.Testa" name="VideoMp4" time="8.99"/>
  <testcase classname="maven.Testa" name="VideoVimeo" time="9.259"/>
  <testcase classname="maven.Testa" name="VideoYoutube" time="9.195"/>
  <testcase classname="maven.Testa" name="ClickToDial" time="6.32"/>
</testsuite> <!-- Firefox Overlay -->
