<?xml version="1.0" encoding="UTF-8"?>
<testng-results ignored="0" total="1" passed="1" failed="0" skipped="0">
  <reporter-output>
  </reporter-output>
  <suite started-at="2022-05-26T18:37:34 IST" name="Suite" finished-at="2022-05-26T18:37:38 IST" duration-ms="3692">
    <groups>
    </groups>
    <test started-at="2022-05-26T18:37:34 IST" name="maven" finished-at="2022-05-26T18:37:38 IST" duration-ms="3692">
      <class name="maven.Testa">
        <test-method signature="runChrome()[pri:0, instance:maven.Testa@63070bab]" started-at="2022-05-26T18:37:34 IST" name="runChrome" finished-at="2022-05-26T18:37:38 IST" duration-ms="3666" status="PASS">
          <reporter-output>
          </reporter-output>
        </test-method> <!-- runChrome -->
      </class> <!-- maven.Testa -->
    </test> <!-- maven -->
  </suite> <!-- Suite -->
</testng-results>
