<?xml version="1.0" encoding="UTF-8"?>
<testng-results ignored="0" total="48" passed="47" failed="1" skipped="0">
  <reporter-output>
  </reporter-output>
  <suite started-at="2022-06-08T16:51:47 IST" name="Suite Name" finished-at="2022-06-08T16:53:33 IST" duration-ms="106420">
    <groups>
    </groups>
    <test started-at="2022-06-08T16:51:47 IST" name="Chrome Overlay" finished-at="2022-06-08T16:53:11 IST" duration-ms="83863">
      <class name="maven.Testa">
        <test-method is-config="true" signature="setup(java.lang.String,java.lang.String)[pri:0, instance:maven.Testa@58cbafc2]" started-at="2022-06-08T16:51:47 IST" name="setup" finished-at="2022-06-08T16:51:52 IST" duration-ms="4903" status="PASS">
          <params>
            <param index="0">
              <value>
                <![CDATA[chrome]]>
              </value>
            </param>
            <param index="1">
              <value>
                <![CDATA[overlay]]>
              </value>
            </param>
          </params>
          <reporter-output>
          </reporter-output>
        </test-method> <!-- setup -->
        <test-method signature="Action()[pri:0, instance:maven.Testa@58cbafc2]" started-at="2022-06-08T16:51:52 IST" name="Action" finished-at="2022-06-08T16:51:59 IST" duration-ms="6742" status="PASS">
          <reporter-output>
          </reporter-output>
        </test-method> <!-- Action -->
        <test-method signature="Carousel()[pri:0, instance:maven.Testa@58cbafc2]" started-at="2022-06-08T16:51:59 IST" name="Carousel" finished-at="2022-06-08T16:52:01 IST" duration-ms="2248" status="PASS">
          <reporter-output>
          </reporter-output>
        </test-method> <!-- Carousel -->
        <test-method signature="Iframe()[pri:0, instance:maven.Testa@58cbafc2]" started-at="2022-06-08T16:52:01 IST" name="Iframe" finished-at="2022-06-08T16:52:03 IST" duration-ms="2444" status="PASS">
          <reporter-output>
          </reporter-output>
        </test-method> <!-- Iframe -->
        <test-method signature="Image()[pri:0, instance:maven.Testa@58cbafc2]" started-at="2022-06-08T16:52:03 IST" name="Image" finished-at="2022-06-08T16:52:03 IST" duration-ms="13" status="FAIL">
          <exception class="org.openqa.selenium.WebDriverException">
            <message>
              <![CDATA[target frame detached
  (Session info: chrome=102.0.5005.61)
Build info: version: '4.1.4', revision: '535d840ee2'
System info: host: 'softraw-H310M-H-2-0', ip: '127.0.1.1', os.name: 'Linux', os.arch: 'amd64', os.version: '5.13.0-44-generic', java.version: '17.0.2'
Driver info: org.openqa.selenium.chrome.ChromeDriver
Command: [7ade931fc66a3eee01680656da132264, findElement {using=xpath, value=//div[contains(text(),'Image')]}]
Capabilities {acceptInsecureCerts: false, browserName: chrome, browserVersion: 102.0.5005.61, chrome: {chromedriverVersion: 101.0.4951.41 (93c720db8323..., userDataDir: /tmp/.com.google.Chrome.vgoQRX}, goog:chromeOptions: {debuggerAddress: localhost:43619}, javascriptEnabled: true, networkConnectionEnabled: false, pageLoadStrategy: normal, platform: LINUX, platformName: LINUX, proxy: Proxy(), se:cdp: ws://localhost:43619/devtoo..., se:cdpVersion: 102.0.5005.61, setWindowRect: true, strictFileInteractability: false, timeouts: {implicit: 0, pageLoad: 300000, script: 30000}, unhandledPromptBehavior: dismiss and notify, webauthn:extension:credBlob: true, webauthn:extension:largeBlob: true, webauthn:virtualAuthenticators: true}
Session ID: 7ade931fc66a3eee01680656da132264]]>
            </message>
            <full-stacktrace>
              <![CDATA[org.openqa.selenium.WebDriverException: target frame detached
  (Session info: chrome=102.0.5005.61)
Build info: version: '4.1.4', revision: '535d840ee2'
System info: host: 'softraw-H310M-H-2-0', ip: '127.0.1.1', os.name: 'Linux', os.arch: 'amd64', os.version: '5.13.0-44-generic', java.version: '17.0.2'
Driver info: org.openqa.selenium.chrome.ChromeDriver
Command: [7ade931fc66a3eee01680656da132264, findElement {using=xpath, value=//div[contains(text(),'Image')]}]
Capabilities {acceptInsecureCerts: false, browserName: chrome, browserVersion: 102.0.5005.61, chrome: {chromedriverVersion: 101.0.4951.41 (93c720db8323..., userDataDir: /tmp/.com.google.Chrome.vgoQRX}, goog:chromeOptions: {debuggerAddress: localhost:43619}, javascriptEnabled: true, networkConnectionEnabled: false, pageLoadStrategy: normal, platform: LINUX, platformName: LINUX, proxy: Proxy(), se:cdp: ws://localhost:43619/devtoo..., se:cdpVersion: 102.0.5005.61, setWindowRect: true, strictFileInteractability: false, timeouts: {implicit: 0, pageLoad: 300000, script: 30000}, unhandledPromptBehavior: dismiss and notify, webauthn:extension:credBlob: true, webauthn:extension:largeBlob: true, webauthn:virtualAuthenticators: true}
Session ID: 7ade931fc66a3eee01680656da132264
at java.base/jdk.internal.reflect.NativeConstructorAccessorImpl.newInstance0(Native Method)
at java.base/jdk.internal.reflect.NativeConstructorAccessorImpl.newInstance(NativeConstructorAccessorImpl.java:77)
at java.base/jdk.internal.reflect.DelegatingConstructorAccessorImpl.newInstance(DelegatingConstructorAccessorImpl.java:45)
at java.base/java.lang.reflect.Constructor.newInstanceWithCaller(Constructor.java:499)
at java.base/java.lang.reflect.Constructor.newInstance(Constructor.java:480)
at org.openqa.selenium.remote.codec.w3c.W3CHttpResponseCodec.createException(W3CHttpResponseCodec.java:200)
at org.openqa.selenium.remote.codec.w3c.W3CHttpResponseCodec.decode(W3CHttpResponseCodec.java:133)
at org.openqa.selenium.remote.codec.w3c.W3CHttpResponseCodec.decode(W3CHttpResponseCodec.java:53)
at org.openqa.selenium.remote.HttpCommandExecutor.execute(HttpCommandExecutor.java:184)
at org.openqa.selenium.remote.service.DriverCommandExecutor.invokeExecute(DriverCommandExecutor.java:167)
at org.openqa.selenium.remote.service.DriverCommandExecutor.execute(DriverCommandExecutor.java:142)
at org.openqa.selenium.remote.RemoteWebDriver.execute(RemoteWebDriver.java:567)
at org.openqa.selenium.remote.ElementLocation$ElementFinder$2.findElement(ElementLocation.java:162)
at org.openqa.selenium.remote.ElementLocation.findElement(ElementLocation.java:60)
at org.openqa.selenium.remote.RemoteWebDriver.findElement(RemoteWebDriver.java:385)
at org.openqa.selenium.remote.RemoteWebDriver.findElement(RemoteWebDriver.java:377)
at org.openqa.selenium.support.ui.ExpectedConditions$7.apply(ExpectedConditions.java:197)
at org.openqa.selenium.support.ui.ExpectedConditions$7.apply(ExpectedConditions.java:193)
at org.openqa.selenium.support.ui.ExpectedConditions$22.apply(ExpectedConditions.java:631)
at org.openqa.selenium.support.ui.ExpectedConditions$22.apply(ExpectedConditions.java:628)
at org.openqa.selenium.support.ui.FluentWait.until(FluentWait.java:208)
at maven.Testa.click(Testa.java:226)
at maven.Testa.Image(Testa.java:88)
at java.base/jdk.internal.reflect.NativeMethodAccessorImpl.invoke0(Native Method)
at java.base/jdk.internal.reflect.NativeMethodAccessorImpl.invoke(NativeMethodAccessorImpl.java:77)
at java.base/jdk.internal.reflect.DelegatingMethodAccessorImpl.invoke(DelegatingMethodAccessorImpl.java:43)
at java.base/java.lang.reflect.Method.invoke(Method.java:568)
at org.testng.internal.invokers.MethodInvocationHelper.invokeMethod(MethodInvocationHelper.java:139)
at org.testng.internal.invokers.TestInvoker.invokeMethod(TestInvoker.java:677)
at org.testng.internal.invokers.TestInvoker.invokeTestMethod(TestInvoker.java:221)
at org.testng.internal.invokers.MethodRunner.runInSequence(MethodRunner.java:50)
at org.testng.internal.invokers.TestInvoker$MethodInvocationAgent.invoke(TestInvoker.java:962)
at org.testng.internal.invokers.TestInvoker.invokeTestMethods(TestInvoker.java:194)
at org.testng.internal.invokers.TestMethodWorker.invokeTestMethods(TestMethodWorker.java:148)
at org.testng.internal.invokers.TestMethodWorker.run(TestMethodWorker.java:128)
at java.base/java.util.ArrayList.forEach(ArrayList.java:1511)
at org.testng.TestRunner.privateRun(TestRunner.java:806)
at org.testng.TestRunner.run(TestRunner.java:601)
at org.testng.SuiteRunner.runTest(SuiteRunner.java:433)
at org.testng.SuiteRunner$SuiteWorker.run(SuiteRunner.java:471)
at org.testng.internal.thread.ThreadUtil.lambda$execute$0(ThreadUtil.java:58)
at java.base/java.util.concurrent.FutureTask.run(FutureTask.java:264)
at java.base/java.util.concurrent.ThreadPoolExecutor.runWorker(ThreadPoolExecutor.java:1136)
at java.base/java.util.concurrent.ThreadPoolExecutor$Worker.run(ThreadPoolExecutor.java:635)
at java.base/java.lang.Thread.run(Thread.java:833)
]]>
            </full-stacktrace>
          </exception> <!-- org.openqa.selenium.WebDriverException -->
          <reporter-output>
          </reporter-output>
        </test-method> <!-- Image -->
        <test-method signature="Location()[pri:0, instance:maven.Testa@58cbafc2]" started-at="2022-06-08T16:52:03 IST" name="Location" finished-at="2022-06-08T16:52:06 IST" duration-ms="2464" status="PASS">
          <reporter-output>
          </reporter-output>
        </test-method> <!-- Location -->
        <test-method signature="Markdown()[pri:0, instance:maven.Testa@58cbafc2]" started-at="2022-06-08T16:52:06 IST" name="Markdown" finished-at="2022-06-08T16:52:08 IST" duration-ms="2391" status="PASS">
          <reporter-output>
          </reporter-output>
        </test-method> <!-- Markdown -->
        <test-method signature="Richtext()[pri:0, instance:maven.Testa@58cbafc2]" started-at="2022-06-08T16:52:08 IST" name="Richtext" finished-at="2022-06-08T16:52:18 IST" duration-ms="10225" status="PASS">
          <reporter-output>
          </reporter-output>
        </test-method> <!-- Richtext -->
        <test-method signature="Social()[pri:0, instance:maven.Testa@58cbafc2]" started-at="2022-06-08T16:52:18 IST" name="Social" finished-at="2022-06-08T16:52:44 IST" duration-ms="25464" status="PASS">
          <reporter-output>
          </reporter-output>
        </test-method> <!-- Social -->
        <test-method signature="VideoMp4()[pri:0, instance:maven.Testa@58cbafc2]" started-at="2022-06-08T16:52:44 IST" name="VideoMp4" finished-at="2022-06-08T16:52:52 IST" duration-ms="8654" status="PASS">
          <reporter-output>
          </reporter-output>
        </test-method> <!-- VideoMp4 -->
        <test-method signature="VideoVimeo()[pri:0, instance:maven.Testa@58cbafc2]" started-at="2022-06-08T16:52:52 IST" name="VideoVimeo" finished-at="2022-06-08T16:53:01 IST" duration-ms="8440" status="PASS">
          <reporter-output>
          </reporter-output>
        </test-method> <!-- VideoVimeo -->
        <test-method signature="VideoYoutube()[pri:0, instance:maven.Testa@58cbafc2]" started-at="2022-06-08T16:53:01 IST" name="VideoYoutube" finished-at="2022-06-08T16:53:09 IST" duration-ms="8554" status="PASS">
          <reporter-output>
          </reporter-output>
        </test-method> <!-- VideoYoutube -->
        <test-method signature="ClickToDial()[pri:1, instance:maven.Testa@58cbafc2]" started-at="2022-06-08T16:53:09 IST" name="ClickToDial" finished-at="2022-06-08T16:53:11 IST" duration-ms="1121" status="PASS">
          <reporter-output>
          </reporter-output>
        </test-method> <!-- ClickToDial -->
        <test-method is-config="true" signature="end()[pri:0, instance:maven.Testa@58cbafc2]" started-at="2022-06-08T16:53:11 IST" name="end" finished-at="2022-06-08T16:53:11 IST" duration-ms="156" status="PASS">
          <reporter-output>
          </reporter-output>
        </test-method> <!-- end -->
      </class> <!-- maven.Testa -->
    </test> <!-- Chrome Overlay -->
    <test started-at="2022-06-08T16:51:47 IST" name="Chrome Video" finished-at="2022-06-08T16:53:17 IST" duration-ms="90607">
      <class name="maven.Testa">
        <test-method is-config="true" signature="setup(java.lang.String,java.lang.String)[pri:0, instance:maven.Testa@4d154ccd]" started-at="2022-06-08T16:51:47 IST" name="setup" finished-at="2022-06-08T16:51:53 IST" duration-ms="5623" status="PASS">
          <params>
            <param index="0">
              <value>
                <![CDATA[chrome]]>
              </value>
            </param>
            <param index="1">
              <value>
                <![CDATA[video]]>
              </value>
            </param>
          </params>
          <reporter-output>
          </reporter-output>
        </test-method> <!-- setup -->
        <test-method signature="Action()[pri:0, instance:maven.Testa@4d154ccd]" started-at="2022-06-08T16:51:53 IST" name="Action" finished-at="2022-06-08T16:52:01 IST" duration-ms="8355" status="PASS">
          <reporter-output>
          </reporter-output>
        </test-method> <!-- Action -->
        <test-method signature="Carousel()[pri:0, instance:maven.Testa@4d154ccd]" started-at="2022-06-08T16:52:01 IST" name="Carousel" finished-at="2022-06-08T16:52:03 IST" duration-ms="2316" status="PASS">
          <reporter-output>
          </reporter-output>
        </test-method> <!-- Carousel -->
        <test-method signature="Iframe()[pri:0, instance:maven.Testa@4d154ccd]" started-at="2022-06-08T16:52:03 IST" name="Iframe" finished-at="2022-06-08T16:52:06 IST" duration-ms="2424" status="PASS">
          <reporter-output>
          </reporter-output>
        </test-method> <!-- Iframe -->
        <test-method signature="Image()[pri:0, instance:maven.Testa@4d154ccd]" started-at="2022-06-08T16:52:06 IST" name="Image" finished-at="2022-06-08T16:52:09 IST" duration-ms="2874" status="PASS">
          <reporter-output>
          </reporter-output>
        </test-method> <!-- Image -->
        <test-method signature="Location()[pri:0, instance:maven.Testa@4d154ccd]" started-at="2022-06-08T16:52:09 IST" name="Location" finished-at="2022-06-08T16:52:11 IST" duration-ms="2316" status="PASS">
          <reporter-output>
          </reporter-output>
        </test-method> <!-- Location -->
        <test-method signature="Markdown()[pri:0, instance:maven.Testa@4d154ccd]" started-at="2022-06-08T16:52:11 IST" name="Markdown" finished-at="2022-06-08T16:52:13 IST" duration-ms="2412" status="PASS">
          <reporter-output>
          </reporter-output>
        </test-method> <!-- Markdown -->
        <test-method signature="Richtext()[pri:0, instance:maven.Testa@4d154ccd]" started-at="2022-06-08T16:52:13 IST" name="Richtext" finished-at="2022-06-08T16:52:25 IST" duration-ms="11429" status="PASS">
          <reporter-output>
          </reporter-output>
        </test-method> <!-- Richtext -->
        <test-method signature="Social()[pri:0, instance:maven.Testa@4d154ccd]" started-at="2022-06-08T16:52:25 IST" name="Social" finished-at="2022-06-08T16:52:50 IST" duration-ms="25534" status="PASS">
          <reporter-output>
          </reporter-output>
        </test-method> <!-- Social -->
        <test-method signature="VideoMp4()[pri:0, instance:maven.Testa@4d154ccd]" started-at="2022-06-08T16:52:50 IST" name="VideoMp4" finished-at="2022-06-08T16:52:59 IST" duration-ms="8522" status="PASS">
          <reporter-output>
          </reporter-output>
        </test-method> <!-- VideoMp4 -->
        <test-method signature="VideoVimeo()[pri:0, instance:maven.Testa@4d154ccd]" started-at="2022-06-08T16:52:59 IST" name="VideoVimeo" finished-at="2022-06-08T16:53:08 IST" duration-ms="8820" status="PASS">
          <reporter-output>
          </reporter-output>
        </test-method> <!-- VideoVimeo -->
        <test-method signature="VideoYoutube()[pri:0, instance:maven.Testa@4d154ccd]" started-at="2022-06-08T16:53:08 IST" name="VideoYoutube" finished-at="2022-06-08T16:53:16 IST" duration-ms="8523" status="PASS">
          <reporter-output>
          </reporter-output>
        </test-method> <!-- VideoYoutube -->
        <test-method signature="ClickToDial()[pri:1, instance:maven.Testa@4d154ccd]" started-at="2022-06-08T16:53:16 IST" name="ClickToDial" finished-at="2022-06-08T16:53:17 IST" duration-ms="1217" status="PASS">
          <reporter-output>
          </reporter-output>
        </test-method> <!-- ClickToDial -->
        <test-method is-config="true" signature="end()[pri:0, instance:maven.Testa@4d154ccd]" started-at="2022-06-08T16:53:17 IST" name="end" finished-at="2022-06-08T16:53:17 IST" duration-ms="208" status="PASS">
          <reporter-output>
          </reporter-output>
        </test-method> <!-- end -->
      </class> <!-- maven.Testa -->
    </test> <!-- Chrome Video -->
    <test started-at="2022-06-08T16:51:47 IST" name="Firefox Overlay" finished-at="2022-06-08T16:53:28 IST" duration-ms="101236">
      <class name="maven.Testa">
        <test-method is-config="true" signature="setup(java.lang.String,java.lang.String)[pri:0, instance:maven.Testa@53045c6c]" started-at="2022-06-08T16:51:47 IST" name="setup" finished-at="2022-06-08T16:51:54 IST" duration-ms="7077" status="PASS">
          <params>
            <param index="0">
              <value>
                <![CDATA[firefox]]>
              </value>
            </param>
            <param index="1">
              <value>
                <![CDATA[overlay]]>
              </value>
            </param>
          </params>
          <reporter-output>
          </reporter-output>
        </test-method> <!-- setup -->
        <test-method signature="Action()[pri:0, instance:maven.Testa@53045c6c]" started-at="2022-06-08T16:51:54 IST" name="Action" finished-at="2022-06-08T16:52:02 IST" duration-ms="7814" status="PASS">
          <reporter-output>
          </reporter-output>
        </test-method> <!-- Action -->
        <test-method signature="Carousel()[pri:0, instance:maven.Testa@53045c6c]" started-at="2022-06-08T16:52:02 IST" name="Carousel" finished-at="2022-06-08T16:52:05 IST" duration-ms="2931" status="PASS">
          <reporter-output>
          </reporter-output>
        </test-method> <!-- Carousel -->
        <test-method signature="Iframe()[pri:0, instance:maven.Testa@53045c6c]" started-at="2022-06-08T16:52:05 IST" name="Iframe" finished-at="2022-06-08T16:52:08 IST" duration-ms="2843" status="PASS">
          <reporter-output>
          </reporter-output>
        </test-method> <!-- Iframe -->
        <test-method signature="Image()[pri:0, instance:maven.Testa@53045c6c]" started-at="2022-06-08T16:52:08 IST" name="Image" finished-at="2022-06-08T16:52:10 IST" duration-ms="2757" status="PASS">
          <reporter-output>
          </reporter-output>
        </test-method> <!-- Image -->
        <test-method signature="Location()[pri:0, instance:maven.Testa@53045c6c]" started-at="2022-06-08T16:52:10 IST" name="Location" finished-at="2022-06-08T16:52:13 IST" duration-ms="2798" status="PASS">
          <reporter-output>
          </reporter-output>
        </test-method> <!-- Location -->
        <test-method signature="Markdown()[pri:0, instance:maven.Testa@53045c6c]" started-at="2022-06-08T16:52:13 IST" name="Markdown" finished-at="2022-06-08T16:52:16 IST" duration-ms="2700" status="PASS">
          <reporter-output>
          </reporter-output>
        </test-method> <!-- Markdown -->
        <test-method signature="Richtext()[pri:0, instance:maven.Testa@53045c6c]" started-at="2022-06-08T16:52:16 IST" name="Richtext" finished-at="2022-06-08T16:52:28 IST" duration-ms="12050" status="PASS">
          <reporter-output>
          </reporter-output>
        </test-method> <!-- Richtext -->
        <test-method signature="Social()[pri:0, instance:maven.Testa@53045c6c]" started-at="2022-06-08T16:52:28 IST" name="Social" finished-at="2022-06-08T16:52:54 IST" duration-ms="25839" status="PASS">
          <reporter-output>
          </reporter-output>
        </test-method> <!-- Social -->
        <test-method signature="VideoMp4()[pri:0, instance:maven.Testa@53045c6c]" started-at="2022-06-08T16:52:54 IST" name="VideoMp4" finished-at="2022-06-08T16:53:03 IST" duration-ms="8990" status="PASS">
          <reporter-output>
          </reporter-output>
        </test-method> <!-- VideoMp4 -->
        <test-method signature="VideoVimeo()[pri:0, instance:maven.Testa@53045c6c]" started-at="2022-06-08T16:53:03 IST" name="VideoVimeo" finished-at="2022-06-08T16:53:12 IST" duration-ms="9259" status="PASS">
          <reporter-output>
          </reporter-output>
        </test-method> <!-- VideoVimeo -->
        <test-method signature="VideoYoutube()[pri:0, instance:maven.Testa@53045c6c]" started-at="2022-06-08T16:53:12 IST" name="VideoYoutube" finished-at="2022-06-08T16:53:21 IST" duration-ms="9195" status="PASS">
          <reporter-output>
          </reporter-output>
        </test-method> <!-- VideoYoutube -->
        <test-method signature="ClickToDial()[pri:1, instance:maven.Testa@53045c6c]" started-at="2022-06-08T16:53:21 IST" name="ClickToDial" finished-at="2022-06-08T16:53:27 IST" duration-ms="6320" status="PASS">
          <reporter-output>
          </reporter-output>
        </test-method> <!-- ClickToDial -->
        <test-method is-config="true" signature="end()[pri:0, instance:maven.Testa@53045c6c]" started-at="2022-06-08T16:53:27 IST" name="end" finished-at="2022-06-08T16:53:28 IST" duration-ms="632" status="PASS">
          <reporter-output>
          </reporter-output>
        </test-method> <!-- end -->
      </class> <!-- maven.Testa -->
    </test> <!-- Firefox Overlay -->
    <test started-at="2022-06-08T16:51:47 IST" name="Firefox Video" finished-at="2022-06-08T16:53:33 IST" duration-ms="106420">
      <class name="maven.Testa">
        <test-method is-config="true" signature="setup(java.lang.String,java.lang.String)[pri:0, instance:maven.Testa@74e28667]" started-at="2022-06-08T16:51:47 IST" name="setup" finished-at="2022-06-08T16:51:57 IST" duration-ms="9717" status="PASS">
          <params>
            <param index="0">
              <value>
                <![CDATA[firefox]]>
              </value>
            </param>
            <param index="1">
              <value>
                <![CDATA[video]]>
              </value>
            </param>
          </params>
          <reporter-output>
          </reporter-output>
        </test-method> <!-- setup -->
        <test-method signature="Action()[pri:0, instance:maven.Testa@74e28667]" started-at="2022-06-08T16:51:57 IST" name="Action" finished-at="2022-06-08T16:52:04 IST" duration-ms="7304" status="PASS">
          <reporter-output>
          </reporter-output>
        </test-method> <!-- Action -->
        <test-method signature="Carousel()[pri:0, instance:maven.Testa@74e28667]" started-at="2022-06-08T16:52:04 IST" name="Carousel" finished-at="2022-06-08T16:52:07 IST" duration-ms="2797" status="PASS">
          <reporter-output>
          </reporter-output>
        </test-method> <!-- Carousel -->
        <test-method signature="Iframe()[pri:0, instance:maven.Testa@74e28667]" started-at="2022-06-08T16:52:07 IST" name="Iframe" finished-at="2022-06-08T16:52:10 IST" duration-ms="2860" status="PASS">
          <reporter-output>
          </reporter-output>
        </test-method> <!-- Iframe -->
        <test-method signature="Image()[pri:0, instance:maven.Testa@74e28667]" started-at="2022-06-08T16:52:10 IST" name="Image" finished-at="2022-06-08T16:52:12 IST" duration-ms="2787" status="PASS">
          <reporter-output>
          </reporter-output>
        </test-method> <!-- Image -->
        <test-method signature="Location()[pri:0, instance:maven.Testa@74e28667]" started-at="2022-06-08T16:52:12 IST" name="Location" finished-at="2022-06-08T16:52:15 IST" duration-ms="2816" status="PASS">
          <reporter-output>
          </reporter-output>
        </test-method> <!-- Location -->
        <test-method signature="Markdown()[pri:0, instance:maven.Testa@74e28667]" started-at="2022-06-08T16:52:15 IST" name="Markdown" finished-at="2022-06-08T16:52:18 IST" duration-ms="2731" status="PASS">
          <reporter-output>
          </reporter-output>
        </test-method> <!-- Markdown -->
        <test-method signature="Richtext()[pri:0, instance:maven.Testa@74e28667]" started-at="2022-06-08T16:52:18 IST" name="Richtext" finished-at="2022-06-08T16:52:32 IST" duration-ms="13587" status="PASS">
          <reporter-output>
          </reporter-output>
        </test-method> <!-- Richtext -->
        <test-method signature="Social()[pri:0, instance:maven.Testa@74e28667]" started-at="2022-06-08T16:52:32 IST" name="Social" finished-at="2022-06-08T16:52:58 IST" duration-ms="26946" status="PASS">
          <reporter-output>
          </reporter-output>
        </test-method> <!-- Social -->
        <test-method signature="VideoMp4()[pri:0, instance:maven.Testa@74e28667]" started-at="2022-06-08T16:52:58 IST" name="VideoMp4" finished-at="2022-06-08T16:53:08 IST" duration-ms="9591" status="PASS">
          <reporter-output>
          </reporter-output>
        </test-method> <!-- VideoMp4 -->
        <test-method signature="VideoVimeo()[pri:0, instance:maven.Testa@74e28667]" started-at="2022-06-08T16:53:08 IST" name="VideoVimeo" finished-at="2022-06-08T16:53:17 IST" duration-ms="9354" status="PASS">
          <reporter-output>
          </reporter-output>
        </test-method> <!-- VideoVimeo -->
        <test-method signature="VideoYoutube()[pri:0, instance:maven.Testa@74e28667]" started-at="2022-06-08T16:53:17 IST" name="VideoYoutube" finished-at="2022-06-08T16:53:26 IST" duration-ms="9032" status="PASS">
          <reporter-output>
          </reporter-output>
        </test-method> <!-- VideoYoutube -->
        <test-method signature="ClickToDial()[pri:1, instance:maven.Testa@74e28667]" started-at="2022-06-08T16:53:26 IST" name="ClickToDial" finished-at="2022-06-08T16:53:33 IST" duration-ms="6245" status="PASS">
          <reporter-output>
          </reporter-output>
        </test-method> <!-- ClickToDial -->
        <test-method is-config="true" signature="end()[pri:0, instance:maven.Testa@74e28667]" started-at="2022-06-08T16:53:33 IST" name="end" finished-at="2022-06-08T16:53:33 IST" duration-ms="623" status="PASS">
          <reporter-output>
          </reporter-output>
        </test-method> <!-- end -->
      </class> <!-- maven.Testa -->
    </test> <!-- Firefox Video -->
  </suite> <!-- Suite Name -->
</testng-results>
